  main.cpp
C:\Users\danie\Documents\GitHub\EngineSystem_ByDage\InternalGame\Source\main.cpp(101,48): error C2065: 'SCREEN_WIDTH': identificador no declarado
C:\Users\danie\Documents\GitHub\EngineSystem_ByDage\InternalGame\Source\main.cpp(111,49): error C2065: 'SCREEN_HEIGHT': identificador no declarado
C:\Users\danie\Documents\GitHub\EngineSystem_ByDage\InternalGame\Source\main.cpp(123,16): error C2039: "render": no es un miembro de "LTexture"
C:\Users\danie\Documents\GitHub\EngineSystem_ByDage\Internal\Include\LTexture.h(11): message : vea la declaración de 'LTexture'
C:\Users\danie\Documents\GitHub\EngineSystem_ByDage\InternalGame\Source\main.cpp(126,16): error C2039: "render": no es un miembro de "LTexture"
C:\Users\danie\Documents\GitHub\EngineSystem_ByDage\Internal\Include\LTexture.h(11): message : vea la declaración de 'LTexture'
C:\Users\danie\Documents\GitHub\EngineSystem_ByDage\InternalGame\Source\main.cpp(129,15): error C2039: "render": no es un miembro de "LTexture"
C:\Users\danie\Documents\GitHub\EngineSystem_ByDage\Internal\Include\LTexture.h(11): message : vea la declaración de 'LTexture'
C:\Users\danie\Documents\GitHub\EngineSystem_ByDage\InternalGame\Source\main.cpp(158,33): error C2065: 'routeArrowsRelease': identificador no declarado
C:\Users\danie\Documents\GitHub\EngineSystem_ByDage\InternalGame\Source\main.cpp(159,38): error C2065: 'routeWASDRelease': identificador no declarado
C:\Users\danie\Documents\GitHub\EngineSystem_ByDage\InternalGame\Source\main.cpp(160,37): error C2065: 'routeDefultRelease': identificador no declarado
C:\Users\danie\Documents\GitHub\EngineSystem_ByDage\InternalGame\Source\main.cpp(166,34): error C2065: 'routeArrowsDebug': identificador no declarado
C:\Users\danie\Documents\GitHub\EngineSystem_ByDage\InternalGame\Source\main.cpp(167,39): error C2065: 'routeWASDDebug': identificador no declarado
C:\Users\danie\Documents\GitHub\EngineSystem_ByDage\InternalGame\Source\main.cpp(168,38): error C2065: 'routeDefultDebug': identificador no declarado
C:\Users\danie\Documents\GitHub\EngineSystem_ByDage\InternalGame\Source\main.cpp(186,7): error C3861: 'init': no se encontró el identificador
C:\Users\danie\Documents\GitHub\EngineSystem_ByDage\InternalGame\Source\main.cpp(231,29): error C2065: 'mRenderer': identificador no declarado
C:\Users\danie\Documents\GitHub\EngineSystem_ByDage\InternalGame\Source\main.cpp(232,22): error C2065: 'gRenderer': identificador no declarado
C:\Users\danie\Documents\GitHub\EngineSystem_ByDage\InternalGame\Source\main.cpp(240,24): error C2065: 'gRenderer': identificador no declarado
C:\Users\danie\Documents\GitHub\EngineSystem_ByDage\InternalGame\Source\main.cpp(246,2): error C3861: 'close': no se encontró el identificador
